  main.cpp
c:\users\klerman\desktop\getmineral_new\src\world\world.h(30): warning C4244: 'initializing': conversion from 'T' to 'int', possible loss of data
          with
          [
              T=float
          ]
c:\users\klerman\desktop\getmineral_new\src\world\world.h(35): warning C4244: '=': conversion from 'T' to 'int', possible loss of data
          with
          [
              T=float
          ]
c:\users\klerman\desktop\getmineral_new\src\world\world.h(40): warning C4244: '=': conversion from 'T' to 'int', possible loss of data
          with
          [
              T=float
          ]
c:\users\klerman\desktop\getmineral_new\src\world\world.h(53): warning C4244: '=': conversion from 'T' to 'T', possible loss of data
          with
          [
              T=float
          ]
          and
          [
              T=int
          ]
c:\users\klerman\desktop\getmineral_new\src\world\world.h(54): warning C4244: '=': conversion from 'T' to 'T', possible loss of data
          with
          [
              T=float
          ]
          and
          [
              T=int
          ]
c:\users\klerman\desktop\getmineral_new\src\world\world.h(55): warning C4244: '=': conversion from 'T' to 'T', possible loss of data
          with
          [
              T=float
          ]
          and
          [
              T=int
          ]
c:\users\klerman\desktop\getmineral_new\src\world\world.h(79): warning C4244: '=': conversion from 'T' to 'T', possible loss of data
          with
          [
              T=float
          ]
          and
          [
              T=int
          ]
c:\users\klerman\desktop\getmineral_new\src\world\world.h(80): warning C4244: '=': conversion from 'T' to 'T', possible loss of data
          with
          [
              T=float
          ]
          and
          [
              T=int
          ]
c:\users\klerman\desktop\getmineral_new\src\world\world.h(81): warning C4244: '=': conversion from 'T' to 'T', possible loss of data
          with
          [
              T=float
          ]
          and
          [
              T=int
          ]
c:\users\klerman\desktop\getmineral_new\src\world\world.h(161): warning C4244: 'initializing': conversion from 'T' to 'int', possible loss of data
          with
          [
              T=float
          ]
c:\users\klerman\desktop\getmineral_new\src\world\world.h(174): warning C4244: '=': conversion from 'T' to 'int', possible loss of data
          with
          [
              T=float
          ]
c:\users\klerman\desktop\getmineral_new\src\world\world.h(187): warning C4244: '=': conversion from 'T' to 'int', possible loss of data
          with
          [
              T=float
          ]
c:\users\klerman\desktop\getmineral_new\src\world\world.h(225): warning C4316: 'Chunk': object allocated on the heap may not be aligned 16
c:\users\klerman\desktop\getmineral_new\src\world\world.h(238): warning C4316: 'Chunk': object allocated on the heap may not be aligned 16
c:\users\klerman\desktop\getmineral_new\src\world\world.h(250): warning C4316: 'Chunk': object allocated on the heap may not be aligned 16
c:\users\klerman\desktop\getmineral_new\src\world\world.h(262): warning C4316: 'Chunk': object allocated on the heap may not be aligned 16
c:\users\klerman\desktop\getmineral_new\src\world\world.h(272): warning C4316: 'Chunk': object allocated on the heap may not be aligned 16
LINK : warning LNK4098: defaultlib 'LIBCMT' conflicts with use of other libs; use /NODEFAULTLIB:library
LINK : warning LNK4098: defaultlib 'MSVCRT' conflicts with use of other libs; use /NODEFAULTLIB:library
shaderProgram.obj : warning LNK4049: locally defined symbol ___glewAttachShader imported
shaderProgram.obj : warning LNK4049: locally defined symbol ___glewCompileShader imported
shaderProgram.obj : warning LNK4049: locally defined symbol ___glewCreateProgram imported
shaderProgram.obj : warning LNK4049: locally defined symbol ___glewCreateShader imported
shaderProgram.obj : warning LNK4049: locally defined symbol ___glewDeleteProgram imported
shaderProgram.obj : warning LNK4049: locally defined symbol ___glewDeleteShader imported
shaderProgram.obj : warning LNK4049: locally defined symbol ___glewGetProgramInfoLog imported
shaderProgram.obj : warning LNK4049: locally defined symbol ___glewGetProgramiv imported
shaderProgram.obj : warning LNK4049: locally defined symbol ___glewGetShaderInfoLog imported
shaderProgram.obj : warning LNK4049: locally defined symbol ___glewGetShaderiv imported
shaderProgram.obj : warning LNK4049: locally defined symbol ___glewGetUniformLocation imported
shaderProgram.obj : warning LNK4049: locally defined symbol ___glewLinkProgram imported
shaderProgram.obj : warning LNK4049: locally defined symbol ___glewShaderSource imported
shaderProgram.obj : warning LNK4049: locally defined symbol ___glewUniform2f imported
shaderProgram.obj : warning LNK4049: locally defined symbol ___glewUniform3f imported
shaderProgram.obj : warning LNK4049: locally defined symbol ___glewUniform4f imported
shaderProgram.obj : warning LNK4049: locally defined symbol ___glewUniformMatrix4fv imported
shaderProgram.obj : warning LNK4049: locally defined symbol ___glewUseProgram imported
texture2D.obj : warning LNK4049: locally defined symbol ___glewGenerateMipmap imported
glew32s.lib(glew.obj) : warning LNK4099: PDB 'vc120.pdb' was not found with 'glew32s.lib(glew.obj)' or at 'C:\Users\klerman\Desktop\GetMineral_New\Debug\vc120.pdb'; linking object as if no debug info
  GetMineral_New.vcxproj -> C:\Users\klerman\Desktop\GetMineral_New\Debug\GetMineral_New.exe
